c:\users\jontc\desktop\cs-cge\cs\school-tutoring-hw\cs420cppruiz\cs420p03-4ruiz\cs420p03-4ruiz\x64\debug\vc143.pdb
c:\users\jontc\desktop\cs-cge\cs\school-tutoring-hw\cs420cppruiz\cs420p03-4ruiz\cs420p03-4ruiz\x64\debug\vc143.idb
c:\users\jontc\desktop\cs-cge\cs\school-tutoring-hw\cs420cppruiz\cs420p03-4ruiz\cs420p03-4ruiz\x64\debug\test_base.obj
c:\users\jontc\desktop\cs-cge\cs\school-tutoring-hw\cs420cppruiz\cs420p03-4ruiz\cs420p03-4ruiz\x64\debug\tester.obj
c:\users\jontc\desktop\cs-cge\cs\school-tutoring-hw\cs420cppruiz\cs420p03-4ruiz\cs420p03-4ruiz\x64\debug\operations.obj
c:\users\jontc\desktop\cs-cge\cs\school-tutoring-hw\cs420cppruiz\cs420p03-4ruiz\cs420p03-4ruiz\x64\debug\test_rename.obj
c:\users\jontc\desktop\cs-cge\cs\school-tutoring-hw\cs420cppruiz\cs420p03-4ruiz\cs420p03-4ruiz\x64\debug\test_read.obj
c:\users\jontc\desktop\cs-cge\cs\school-tutoring-hw\cs420cppruiz\cs420p03-4ruiz\cs420p03-4ruiz\x64\debug\test_open.obj
c:\users\jontc\desktop\cs-cge\cs\school-tutoring-hw\cs420cppruiz\cs420p03-4ruiz\cs420p03-4ruiz\x64\debug\test_list.obj
c:\users\jontc\desktop\cs-cge\cs\school-tutoring-hw\cs420cppruiz\cs420p03-4ruiz\cs420p03-4ruiz\x64\debug\test_format.obj
c:\users\jontc\desktop\cs-cge\cs\school-tutoring-hw\cs420cppruiz\cs420p03-4ruiz\cs420p03-4ruiz\x64\debug\test_delete.obj
c:\users\jontc\desktop\cs-cge\cs\school-tutoring-hw\cs420cppruiz\cs420p03-4ruiz\cs420p03-4ruiz\x64\debug\test_create.obj
c:\users\jontc\desktop\cs-cge\cs\school-tutoring-hw\cs420cppruiz\cs420p03-4ruiz\cs420p03-4ruiz\x64\debug\test_copy.obj
c:\users\jontc\desktop\cs-cge\cs\school-tutoring-hw\cs420cppruiz\cs420p03-4ruiz\cs420p03-4ruiz\x64\debug\filesys.obj
c:\users\jontc\desktop\cs-cge\cs\school-tutoring-hw\cs420cppruiz\cs420p03-4ruiz\cs420p03-4ruiz\x64\debug\handle.obj
c:\users\jontc\desktop\cs-cge\cs\school-tutoring-hw\cs420cppruiz\cs420p03-4ruiz\cs420p03-4ruiz\x64\debug\test_write.obj
c:\users\jontc\desktop\cs-cge\cs\school-tutoring-hw\cs420cppruiz\cs420p03-4ruiz\cs420p03-4ruiz\x64\debug\test_close.obj
c:\users\jontc\desktop\cs-cge\cs\school-tutoring-hw\cs420cppruiz\cs420p03-4ruiz\x64\debug\cs420p03-4ruiz.exe
c:\users\jontc\desktop\cs-cge\cs\school-tutoring-hw\cs420cppruiz\cs420p03-4ruiz\cs420p03-4ruiz\x64\debug\cs420p03-4ruiz.ilk
c:\users\jontc\desktop\cs-cge\cs\school-tutoring-hw\cs420cppruiz\cs420p03-4ruiz\x64\debug\cs420p03-4ruiz.pdb
c:\users\jontc\desktop\cs-cge\cs\school-tutoring-hw\cs420cppruiz\cs420p03-4ruiz\cs420p03-4ruiz\x64\debug\cs420p03-4ruiz.tlog\cl.command.1.tlog
c:\users\jontc\desktop\cs-cge\cs\school-tutoring-hw\cs420cppruiz\cs420p03-4ruiz\cs420p03-4ruiz\x64\debug\cs420p03-4ruiz.tlog\cl.read.1.tlog
c:\users\jontc\desktop\cs-cge\cs\school-tutoring-hw\cs420cppruiz\cs420p03-4ruiz\cs420p03-4ruiz\x64\debug\cs420p03-4ruiz.tlog\cl.write.1.tlog
c:\users\jontc\desktop\cs-cge\cs\school-tutoring-hw\cs420cppruiz\cs420p03-4ruiz\cs420p03-4ruiz\x64\debug\cs420p03-4ruiz.tlog\link.command.1.tlog
c:\users\jontc\desktop\cs-cge\cs\school-tutoring-hw\cs420cppruiz\cs420p03-4ruiz\cs420p03-4ruiz\x64\debug\cs420p03-4ruiz.tlog\link.read.1.tlog
c:\users\jontc\desktop\cs-cge\cs\school-tutoring-hw\cs420cppruiz\cs420p03-4ruiz\cs420p03-4ruiz\x64\debug\cs420p03-4ruiz.tlog\link.write.1.tlog
