a:\cs\cplusplus\school\cs420cppruiz\cs420ruiz\cs420lab02ruiz\x64\debug\vc143.pdb
a:\cs\cplusplus\school\cs420cppruiz\cs420ruiz\cs420lab02ruiz\x64\debug\vc143.idb
a:\cs\cplusplus\school\cs420cppruiz\cs420ruiz\cs420lab02ruiz\x64\debug\zaynah_driver.obj
a:\cs\cplusplus\school\cs420cppruiz\cs420ruiz\cs420lab02ruiz\x64\debug\driver.obj
a:\cs\cplusplus\school\cs420cppruiz\cs420ruiz\cs420lab02ruiz\x64\debug\helper_functions.obj
a:\cs\cplusplus\school\cs420cppruiz\cs420ruiz\cs420lab02ruiz\x64\debug\definitions.obj
a:\cs\cplusplus\school\cs420cppruiz\cs420ruiz\cs420lab02ruiz\x64\debug\driver.obj.enc
a:\cs\cplusplus\school\cs420cppruiz\cs420ruiz\x64\debug\cs420lab02ruiz.pdb
a:\cs\cplusplus\school\cs420cppruiz\cs420ruiz\cs420lab02ruiz\x64\debug\cs420lab02ruiz.tlog\cl.command.1.tlog
a:\cs\cplusplus\school\cs420cppruiz\cs420ruiz\cs420lab02ruiz\x64\debug\cs420lab02ruiz.tlog\cl.read.1.tlog
a:\cs\cplusplus\school\cs420cppruiz\cs420ruiz\cs420lab02ruiz\x64\debug\cs420lab02ruiz.tlog\cl.write.1.tlog
a:\cs\cplusplus\school\cs420cppruiz\cs420ruiz\cs420lab02ruiz\x64\debug\cs420lab02ruiz.tlog\link-cvtres.read.1.tlog
a:\cs\cplusplus\school\cs420cppruiz\cs420ruiz\cs420lab02ruiz\x64\debug\cs420lab02ruiz.tlog\link-cvtres.write.1.tlog
a:\cs\cplusplus\school\cs420cppruiz\cs420ruiz\cs420lab02ruiz\x64\debug\cs420lab02ruiz.tlog\link-rc.read.1.tlog
a:\cs\cplusplus\school\cs420cppruiz\cs420ruiz\cs420lab02ruiz\x64\debug\cs420lab02ruiz.tlog\link-rc.write.1.tlog
a:\cs\cplusplus\school\cs420cppruiz\cs420ruiz\cs420lab02ruiz\x64\debug\cs420lab02ruiz.tlog\link.4768-cvtres.read.1.tlog
a:\cs\cplusplus\school\cs420cppruiz\cs420ruiz\cs420lab02ruiz\x64\debug\cs420lab02ruiz.tlog\link.4768-cvtres.write.1.tlog
a:\cs\cplusplus\school\cs420cppruiz\cs420ruiz\cs420lab02ruiz\x64\debug\cs420lab02ruiz.tlog\link.4768-rc.read.1.tlog
a:\cs\cplusplus\school\cs420cppruiz\cs420ruiz\cs420lab02ruiz\x64\debug\cs420lab02ruiz.tlog\link.4768-rc.write.1.tlog
a:\cs\cplusplus\school\cs420cppruiz\cs420ruiz\cs420lab02ruiz\x64\debug\cs420lab02ruiz.tlog\link.4768.read.1.tlog
a:\cs\cplusplus\school\cs420cppruiz\cs420ruiz\cs420lab02ruiz\x64\debug\cs420lab02ruiz.tlog\link.4768.read.2.tlog
a:\cs\cplusplus\school\cs420cppruiz\cs420ruiz\cs420lab02ruiz\x64\debug\cs420lab02ruiz.tlog\link.4768.write.1.tlog
a:\cs\cplusplus\school\cs420cppruiz\cs420ruiz\cs420lab02ruiz\x64\debug\cs420lab02ruiz.tlog\link.command.1.tlog
a:\cs\cplusplus\school\cs420cppruiz\cs420ruiz\cs420lab02ruiz\x64\debug\cs420lab02ruiz.tlog\link.read.1.tlog
a:\cs\cplusplus\school\cs420cppruiz\cs420ruiz\cs420lab02ruiz\x64\debug\cs420lab02ruiz.tlog\link.read.2.tlog
a:\cs\cplusplus\school\cs420cppruiz\cs420ruiz\cs420lab02ruiz\x64\debug\cs420lab02ruiz.tlog\link.write.1.tlog
