  Fly.cpp
C:\Users\jontc\Desktop\CS-CGE\CGE\CGE460\OpenGL\P01460Ruiz\P02Ruiz\Ship.h(4,7): error C2061: syntax error: identifier 'Point'
C:\Users\jontc\Desktop\CS-CGE\CGE\CGE460\OpenGL\P01460Ruiz\P02Ruiz\Ship.h(5,8): error C3646: 'getPosition': unknown override specifier
C:\Users\jontc\Desktop\CS-CGE\CGE\CGE460\OpenGL\P01460Ruiz\P02Ruiz\Ship.h(5,19): error C2059: syntax error: '('
C:\Users\jontc\Desktop\CS-CGE\CGE\CGE460\OpenGL\P01460Ruiz\P02Ruiz\Ship.h(5,22): error C2334: unexpected token(s) preceding '{'; skipping apparent function body
C:\Users\jontc\Desktop\CS-CGE\CGE\CGE460\OpenGL\P01460Ruiz\P02Ruiz\Ship.h(8,9): error C3646: 'getDirection': unknown override specifier
C:\Users\jontc\Desktop\CS-CGE\CGE\CGE460\OpenGL\P01460Ruiz\P02Ruiz\Ship.h(8,21): error C2059: syntax error: '('
C:\Users\jontc\Desktop\CS-CGE\CGE\CGE460\OpenGL\P01460Ruiz\P02Ruiz\Ship.h(8,24): error C2334: unexpected token(s) preceding '{'; skipping apparent function body
C:\Users\jontc\Desktop\CS-CGE\CGE\CGE460\OpenGL\P01460Ruiz\P02Ruiz\Ship.h(11,9): error C3646: 'getVertical': unknown override specifier
C:\Users\jontc\Desktop\CS-CGE\CGE\CGE460\OpenGL\P01460Ruiz\P02Ruiz\Ship.h(11,20): error C2059: syntax error: '('
C:\Users\jontc\Desktop\CS-CGE\CGE\CGE460\OpenGL\P01460Ruiz\P02Ruiz\Ship.h(11,23): error C2334: unexpected token(s) preceding '{'; skipping apparent function body
C:\Users\jontc\Desktop\CS-CGE\CGE\CGE460\OpenGL\P01460Ruiz\P02Ruiz\Ship.h(14,9): error C3646: 'getSpeed': unknown override specifier
C:\Users\jontc\Desktop\CS-CGE\CGE\CGE460\OpenGL\P01460Ruiz\P02Ruiz\Ship.h(14,17): error C2059: syntax error: '('
C:\Users\jontc\Desktop\CS-CGE\CGE\CGE460\OpenGL\P01460Ruiz\P02Ruiz\Ship.h(14,20): error C2334: unexpected token(s) preceding '{'; skipping apparent function body
C:\Users\jontc\Desktop\CS-CGE\CGE\CGE460\OpenGL\P01460Ruiz\P02Ruiz\Ship.h(18,16): error C2061: syntax error: identifier 'Point'
C:\Users\jontc\Desktop\CS-CGE\CGE\CGE460\OpenGL\P01460Ruiz\P02Ruiz\Ship.h(29,8): error C3646: 'position': unknown override specifier
C:\Users\jontc\Desktop\CS-CGE\CGE\CGE460\OpenGL\P01460Ruiz\P02Ruiz\Ship.h(29,16): error C4430: missing type specifier - int assumed. Note: C++ does not support default-int
C:\Users\jontc\Desktop\CS-CGE\CGE\CGE460\OpenGL\P01460Ruiz\P02Ruiz\Ship.h(19,3): error C2065: 'position': undeclared identifier
C:\Users\jontc\Desktop\CS-CGE\CGE\CGE460\OpenGL\P01460Ruiz\P02Ruiz\Ship.h(19,14): error C2065: 'newPos': undeclared identifier
C:\Users\jontc\Desktop\CS-CGE\CGE\CGE460\OpenGL\P01460Ruiz\P02Ruiz\Ship.h(21,15): error C2065: 'position': undeclared identifier
C:\Users\jontc\Desktop\CS-CGE\CGE\CGE460\OpenGL\P01460Ruiz\P02Ruiz\Ship.h(21,35): error C2065: 'forward': undeclared identifier
C:\Users\jontc\Desktop\CS-CGE\CGE\CGE460\OpenGL\P01460Ruiz\P02Ruiz\Ship.h(32,14): error C7550: 'Ship::{ctor}': the qualified name in this context names a constructor, not a type
C:\Users\jontc\Desktop\CS-CGE\CGE\CGE460\OpenGL\P01460Ruiz\P02Ruiz\Ship.h(32,19): error C2065: 'Point': undeclared identifier
C:\Users\jontc\Desktop\CS-CGE\CGE\CGE460\OpenGL\P01460Ruiz\P02Ruiz\Ship.h(32,25): error C2146: syntax error: missing ')' before identifier 'initialPosition'
C:\Users\jontc\Desktop\CS-CGE\CGE\CGE460\OpenGL\P01460Ruiz\P02Ruiz\Ship.h(32,70): error C2143: syntax error: missing ';' before '{'
C:\Users\jontc\Desktop\CS-CGE\CGE\CGE460\OpenGL\P01460Ruiz\P02Ruiz\Ship.h(32,70): error C2447: '{': missing function header (old-style formal list?)
C:\Users\jontc\Desktop\CS-CGE\CGE\CGE460\OpenGL\P01460Ruiz\P02Ruiz\Ship.h(34,2): error C2065: 'forward': undeclared identifier
C:\Users\jontc\Desktop\CS-CGE\CGE\CGE460\OpenGL\P01460Ruiz\P02Ruiz\Ship.h(34,17): error C2065: 'forward': undeclared identifier
C:\Users\jontc\Desktop\CS-CGE\CGE\CGE460\OpenGL\P01460Ruiz\P02Ruiz\Ship.h(34,40): error C2065: 'up': undeclared identifier
C:\Users\jontc\Desktop\CS-CGE\CGE\CGE460\OpenGL\P01460Ruiz\P02Ruiz\Ship.h(34,12): error C3861: 'unit': identifier not found
C:\Users\jontc\Desktop\CS-CGE\CGE\CGE460\OpenGL\P01460Ruiz\P02Ruiz\Ship.h(35,2): error C2065: 'up': undeclared identifier
C:\Users\jontc\Desktop\CS-CGE\CGE\CGE460\OpenGL\P01460Ruiz\P02Ruiz\Ship.h(35,7): error C2065: 'right': undeclared identifier
C:\Users\jontc\Desktop\CS-CGE\CGE\CGE460\OpenGL\P01460Ruiz\P02Ruiz\Ship.h(35,19): error C2065: 'forward': undeclared identifier
C:\Users\jontc\Desktop\CS-CGE\CGE\CGE460\OpenGL\P01460Ruiz\P02Ruiz\Fly.cpp(19,21): error C3861: 'Point': identifier not found
C:\Users\jontc\Desktop\CS-CGE\CGE\CGE460\OpenGL\P01460Ruiz\P02Ruiz\Fly.cpp(32,24): error C2039: 'drawWireFrame': is not a member of 'Landscape'
C:\Users\jontc\Desktop\CS-CGE\CGE\CGE460\OpenGL\P01460Ruiz\P02Ruiz\Landscape.h(1): message : see declaration of 'Landscape'
C:\Users\jontc\Desktop\CS-CGE\CGE\CGE460\OpenGL\P01460Ruiz\P02Ruiz\Fly.cpp(32,52): error C2039: 'draw': is not a member of 'Landscape'
C:\Users\jontc\Desktop\CS-CGE\CGE\CGE460\OpenGL\P01460Ruiz\P02Ruiz\Landscape.h(1): message : see declaration of 'Landscape'
C:\Users\jontc\Desktop\CS-CGE\CGE\CGE460\OpenGL\P01460Ruiz\P02Ruiz\Fly.cpp(40,2): error C3861: 'newLandscape': identifier not found
C:\Users\jontc\Desktop\CS-CGE\CGE\CGE460\OpenGL\P01460Ruiz\P02Ruiz\Fly.cpp(53,2): error C2065: 'Point': undeclared identifier
C:\Users\jontc\Desktop\CS-CGE\CGE\CGE460\OpenGL\P01460Ruiz\P02Ruiz\Fly.cpp(53,8): error C2146: syntax error: missing ';' before identifier 'eye'
C:\Users\jontc\Desktop\CS-CGE\CGE\CGE460\OpenGL\P01460Ruiz\P02Ruiz\Fly.cpp(53,20): error C2039: 'getPosition': is not a member of 'Ship'
C:\Users\jontc\Desktop\CS-CGE\CGE\CGE460\OpenGL\P01460Ruiz\P02Ruiz\Ship.h(2): message : see declaration of 'Ship'
C:\Users\jontc\Desktop\CS-CGE\CGE\CGE460\OpenGL\P01460Ruiz\P02Ruiz\Fly.cpp(53,8): error C3861: 'eye': identifier not found
C:\Users\jontc\Desktop\CS-CGE\CGE\CGE460\OpenGL\P01460Ruiz\P02Ruiz\Fly.cpp(54,2): error C2065: 'Point': undeclared identifier
C:\Users\jontc\Desktop\CS-CGE\CGE\CGE460\OpenGL\P01460Ruiz\P02Ruiz\Fly.cpp(54,8): error C2146: syntax error: missing ';' before identifier 'at'
C:\Users\jontc\Desktop\CS-CGE\CGE\CGE460\OpenGL\P01460Ruiz\P02Ruiz\Fly.cpp(54,19): error C2039: 'getPosition': is not a member of 'Ship'
C:\Users\jontc\Desktop\CS-CGE\CGE\CGE460\OpenGL\P01460Ruiz\P02Ruiz\Ship.h(2): message : see declaration of 'Ship'
C:\Users\jontc\Desktop\CS-CGE\CGE\CGE460\OpenGL\P01460Ruiz\P02Ruiz\Fly.cpp(54,43): error C2039: 'getDirection': is not a member of 'Ship'
C:\Users\jontc\Desktop\CS-CGE\CGE\CGE460\OpenGL\P01460Ruiz\P02Ruiz\Ship.h(2): message : see declaration of 'Ship'
C:\Users\jontc\Desktop\CS-CGE\CGE\CGE460\OpenGL\P01460Ruiz\P02Ruiz\Fly.cpp(54,8): error C3861: 'at': identifier not found
C:\Users\jontc\Desktop\CS-CGE\CGE\CGE460\OpenGL\P01460Ruiz\P02Ruiz\Fly.cpp(55,2): error C2065: 'Vector': undeclared identifier
C:\Users\jontc\Desktop\CS-CGE\CGE\CGE460\OpenGL\P01460Ruiz\P02Ruiz\Fly.cpp(55,9): error C2146: syntax error: missing ';' before identifier 'up'
C:\Users\jontc\Desktop\CS-CGE\CGE\CGE460\OpenGL\P01460Ruiz\P02Ruiz\Fly.cpp(55,20): error C2039: 'getVertical': is not a member of 'Ship'
C:\Users\jontc\Desktop\CS-CGE\CGE\CGE460\OpenGL\P01460Ruiz\P02Ruiz\Ship.h(2): message : see declaration of 'Ship'
C:\Users\jontc\Desktop\CS-CGE\CGE\CGE460\OpenGL\P01460Ruiz\P02Ruiz\Fly.cpp(55,9): error C3861: 'up': identifier not found
C:\Users\jontc\Desktop\CS-CGE\CGE\CGE460\OpenGL\P01460Ruiz\P02Ruiz\Fly.cpp(57,12): error C2065: 'eye': undeclared identifier
C:\Users\jontc\Desktop\CS-CGE\CGE\CGE460\OpenGL\P01460Ruiz\P02Ruiz\Fly.cpp(57,19): error C2065: 'eye': undeclared identifier
C:\Users\jontc\Desktop\CS-CGE\CGE\CGE460\OpenGL\P01460Ruiz\P02Ruiz\Fly.cpp(57,26): error C2065: 'eye': undeclared identifier
C:\Users\jontc\Desktop\CS-CGE\CGE\CGE460\OpenGL\P01460Ruiz\P02Ruiz\Fly.cpp(57,33): error C2065: 'at': undeclared identifier
C:\Users\jontc\Desktop\CS-CGE\CGE\CGE460\OpenGL\P01460Ruiz\P02Ruiz\Fly.cpp(57,39): error C2065: 'at': undeclared identifier
C:\Users\jontc\Desktop\CS-CGE\CGE\CGE460\OpenGL\P01460Ruiz\P02Ruiz\Fly.cpp(57,45): error C2065: 'at': undeclared identifier
C:\Users\jontc\Desktop\CS-CGE\CGE\CGE460\OpenGL\P01460Ruiz\P02Ruiz\Fly.cpp(57,51): error C2065: 'up': undeclared identifier
C:\Users\jontc\Desktop\CS-CGE\CGE\CGE460\OpenGL\P01460Ruiz\P02Ruiz\Fly.cpp(57,57): error C2065: 'up': undeclared identifier
C:\Users\jontc\Desktop\CS-CGE\CGE\CGE460\OpenGL\P01460Ruiz\P02Ruiz\Fly.cpp(57,63): error C2065: 'up': undeclared identifier
C:\Users\jontc\Desktop\CS-CGE\CGE\CGE460\OpenGL\P01460Ruiz\P02Ruiz\Fly.cpp(57,67): error C2660: 'gluLookAt': function does not take 1 arguments
C:\Program Files (x86)\Windows Kits\10\Include\10.0.19041.0\um\GL\glu.h(92,15): message : see declaration of 'gluLookAt'
C:\Users\jontc\Desktop\CS-CGE\CGE\CGE460\OpenGL\P01460Ruiz\P02Ruiz\Fly.cpp(82,28): error C2039: 'getSpeed': is not a member of 'Ship'
C:\Users\jontc\Desktop\CS-CGE\CGE\CGE460\OpenGL\P01460Ruiz\P02Ruiz\Ship.h(2): message : see declaration of 'Ship'
C:\Users\jontc\Desktop\CS-CGE\CGE\CGE460\OpenGL\P01460Ruiz\P02Ruiz\Fly.cpp(85,28): error C2039: 'getSpeed': is not a member of 'Ship'
C:\Users\jontc\Desktop\CS-CGE\CGE\CGE460\OpenGL\P01460Ruiz\P02Ruiz\Ship.h(2): message : see declaration of 'Ship'
  Landscape.cpp
C:\Users\jontc\Desktop\CS-CGE\CGE\CGE460\OpenGL\P01460Ruiz\P02Ruiz\Landscape.cpp(22,12): error C2065: 'solidID': undeclared identifier
C:\Users\jontc\Desktop\CS-CGE\CGE\CGE460\OpenGL\P01460Ruiz\P02Ruiz\Landscape.cpp(22,21): error C2065: 'GL_COMPILE': undeclared identifier
C:\Users\jontc\Desktop\CS-CGE\CGE\CGE460\OpenGL\P01460Ruiz\P02Ruiz\Landscape.cpp(22,2): error C3861: 'glNewList': identifier not found
C:\Users\jontc\Desktop\CS-CGE\CGE\CGE460\OpenGL\P01460Ruiz\P02Ruiz\Landscape.cpp(23,11): error C2065: 'GL_LIGHTING': undeclared identifier
C:\Users\jontc\Desktop\CS-CGE\CGE\CGE460\OpenGL\P01460Ruiz\P02Ruiz\Landscape.cpp(23,2): error C3861: 'glEnable': identifier not found
C:\Users\jontc\Desktop\CS-CGE\CGE\CGE460\OpenGL\P01460Ruiz\P02Ruiz\Landscape.cpp(24,10): error C2065: 'GL_QUAD': undeclared identifier
C:\Users\jontc\Desktop\CS-CGE\CGE\CGE460\OpenGL\P01460Ruiz\P02Ruiz\Landscape.cpp(24,2): error C3861: 'glBegin': identifier not found
C:\Users\jontc\Desktop\CS-CGE\CGE\CGE460\OpenGL\P01460Ruiz\P02Ruiz\Landscape.cpp(25,2): error C3861: 'glVertex3f': identifier not found
C:\Users\jontc\Desktop\CS-CGE\CGE\CGE460\OpenGL\P01460Ruiz\P02Ruiz\Landscape.cpp(26,2): error C3861: 'glVertex3f': identifier not found
C:\Users\jontc\Desktop\CS-CGE\CGE\CGE460\OpenGL\P01460Ruiz\P02Ruiz\Landscape.cpp(27,2): error C3861: 'glVertex3f': identifier not found
C:\Users\jontc\Desktop\CS-CGE\CGE\CGE460\OpenGL\P01460Ruiz\P02Ruiz\Landscape.cpp(28,2): error C3861: 'glVertex3f': identifier not found
C:\Users\jontc\Desktop\CS-CGE\CGE\CGE460\OpenGL\P01460Ruiz\P02Ruiz\Landscape.cpp(29,2): error C3861: 'glEnd': identifier not found
C:\Users\jontc\Desktop\CS-CGE\CGE\CGE460\OpenGL\P01460Ruiz\P02Ruiz\Landscape.cpp(31,10): error C2065: 'GL_TRIANGLES': undeclared identifier
C:\Users\jontc\Desktop\CS-CGE\CGE\CGE460\OpenGL\P01460Ruiz\P02Ruiz\Landscape.cpp(31,2): error C3861: 'glBegin': identifier not found
C:\Users\jontc\Desktop\CS-CGE\CGE\CGE460\OpenGL\P01460Ruiz\P02Ruiz\Landscape.cpp(36,3): error C2143: syntax error: missing ';' before '}'
C:\Users\jontc\Desktop\CS-CGE\CGE\CGE460\OpenGL\P01460Ruiz\P02Ruiz\Landscape.cpp(38,2): error C3861: 'glEnd': identifier not found
C:\Users\jontc\Desktop\CS-CGE\CGE\CGE460\OpenGL\P01460Ruiz\P02Ruiz\Landscape.cpp(39,2): error C3861: 'glEndList': identifier not found
C:\Users\jontc\Desktop\CS-CGE\CGE\CGE460\OpenGL\P01460Ruiz\P02Ruiz\Landscape.cpp(45,12): error C2065: 'wireFrameID': undeclared identifier
C:\Users\jontc\Desktop\CS-CGE\CGE\CGE460\OpenGL\P01460Ruiz\P02Ruiz\Landscape.cpp(45,25): error C2065: 'GL_COMPILE': undeclared identifier
C:\Users\jontc\Desktop\CS-CGE\CGE\CGE460\OpenGL\P01460Ruiz\P02Ruiz\Landscape.cpp(45,2): error C3861: 'glNewList': identifier not found
C:\Users\jontc\Desktop\CS-CGE\CGE\CGE460\OpenGL\P01460Ruiz\P02Ruiz\Landscape.cpp(46,12): error C2065: 'GL_LIGHTING': undeclared identifier
C:\Users\jontc\Desktop\CS-CGE\CGE\CGE460\OpenGL\P01460Ruiz\P02Ruiz\Landscape.cpp(46,2): error C3861: 'glDisable': identifier not found
C:\Users\jontc\Desktop\CS-CGE\CGE\CGE460\OpenGL\P01460Ruiz\P02Ruiz\Landscape.cpp(47,2): error C3861: 'glColor3f': identifier not found
C:\Users\jontc\Desktop\CS-CGE\CGE\CGE460\OpenGL\P01460Ruiz\P02Ruiz\Landscape.cpp(51,11): error C2065: 'GL_LINE_STRIP': undeclared identifier
C:\Users\jontc\Desktop\CS-CGE\CGE\CGE460\OpenGL\P01460Ruiz\P02Ruiz\Landscape.cpp(51,3): error C3861: 'glBegin': identifier not found
C:\Users\jontc\Desktop\CS-CGE\CGE\CGE460\OpenGL\P01460Ruiz\P02Ruiz\Landscape.cpp(52,3): error C3861: 'glVertex3f': identifier not found
C:\Users\jontc\Desktop\CS-CGE\CGE\CGE460\OpenGL\P01460Ruiz\P02Ruiz\Landscape.cpp(54,4): error C3861: 'glVertex3f': identifier not found
C:\Users\jontc\Desktop\CS-CGE\CGE\CGE460\OpenGL\P01460Ruiz\P02Ruiz\Landscape.cpp(56,3): error C3861: 'glEnd': identifier not found
C:\Users\jontc\Desktop\CS-CGE\CGE\CGE460\OpenGL\P01460Ruiz\P02Ruiz\Landscape.cpp(60,11): error C2065: 'GL_LINE_STRIP': undeclared identifier
C:\Users\jontc\Desktop\CS-CGE\CGE\CGE460\OpenGL\P01460Ruiz\P02Ruiz\Landscape.cpp(60,3): error C3861: 'glBegin': identifier not found
C:\Users\jontc\Desktop\CS-CGE\CGE\CGE460\OpenGL\P01460Ruiz\P02Ruiz\Landscape.cpp(61,3): error C3861: 'glVertex3f': identifier not found
C:\Users\jontc\Desktop\CS-CGE\CGE\CGE460\OpenGL\P01460Ruiz\P02Ruiz\Landscape.cpp(63,4): error C3861: 'glVertex3f': identifier not found
C:\Users\jontc\Desktop\CS-CGE\CGE\CGE460\OpenGL\P01460Ruiz\P02Ruiz\Landscape.cpp(65,3): error C3861: 'glEnd': identifier not found
C:\Users\jontc\Desktop\CS-CGE\CGE\CGE460\OpenGL\P01460Ruiz\P02Ruiz\Landscape.cpp(80,2): error C2065: 'highest': undeclared identifier
C:\Users\jontc\Desktop\CS-CGE\CGE\CGE460\OpenGL\P01460Ruiz\P02Ruiz\Landscape.cpp(84,18): error C2065: 'highest': undeclared identifier
C:\Users\jontc\Desktop\CS-CGE\CGE\CGE460\OpenGL\P01460Ruiz\P02Ruiz\Landscape.cpp(84,27): error C2065: 'highest': undeclared identifier
C:\Users\jontc\Desktop\CS-CGE\CGE\CGE460\OpenGL\P01460Ruiz\P02Ruiz\Landscape.cpp(88,2): error C2065: 'solidID': undeclared identifier
C:\Users\jontc\Desktop\CS-CGE\CGE\CGE460\OpenGL\P01460Ruiz\P02Ruiz\Landscape.cpp(88,12): error C3861: 'glGenLists': identifier not found
C:\Users\jontc\Desktop\CS-CGE\CGE\CGE460\OpenGL\P01460Ruiz\P02Ruiz\Landscape.cpp(89,2): error C2065: 'wireFrameID': undeclared identifier
C:\Users\jontc\Desktop\CS-CGE\CGE\CGE460\OpenGL\P01460Ruiz\P02Ruiz\Landscape.cpp(89,16): error C2065: 'solidID': undeclared identifier
  Generating Code...
