  complex.cpp
H:\CS318\Projects\P03318Ruiz\complex.cpp(14,10): warning C4067: unexpected tokens following preprocessor directive - expected a newline
complex.obj : error LNK2019: unresolved external symbol "public: __thiscall complex::complex(void)" (??0complex@@QAE@XZ) referenced in function _main
complex.obj : error LNK2019: unresolved external symbol "public: __thiscall complex::complex(double)" (??0complex@@QAE@N@Z) referenced in function _main
complex.obj : error LNK2019: unresolved external symbol "public: __thiscall complex::complex(double,double)" (??0complex@@QAE@NN@Z) referenced in function _main
complex.obj : error LNK2019: unresolved external symbol "public: class complex & __thiscall complex::operator=(class complex const &)" (??4complex@@QAEAAV0@ABV0@@Z) referenced in function _main
complex.obj : error LNK2019: unresolved external symbol "public: class complex & __thiscall complex::operator+=(class complex const &)" (??Ycomplex@@QAEAAV0@ABV0@@Z) referenced in function _main
complex.obj : error LNK2019: unresolved external symbol "public: class complex & __thiscall complex::operator-=(class complex const &)" (??Zcomplex@@QAEAAV0@ABV0@@Z) referenced in function _main
complex.obj : error LNK2019: unresolved external symbol "public: class complex & __thiscall complex::operator*=(class complex const &)" (??Xcomplex@@QAEAAV0@ABV0@@Z) referenced in function _main
complex.obj : error LNK2019: unresolved external symbol "public: class complex & __thiscall complex::operator/=(class complex const &)" (??_0complex@@QAEAAV0@ABV0@@Z) referenced in function _main
complex.obj : error LNK2019: unresolved external symbol "public: class complex & __thiscall complex::operator+=(double)" (??Ycomplex@@QAEAAV0@N@Z) referenced in function _main
complex.obj : error LNK2019: unresolved external symbol "public: class complex & __thiscall complex::operator-=(double)" (??Zcomplex@@QAEAAV0@N@Z) referenced in function _main
complex.obj : error LNK2019: unresolved external symbol "public: class complex & __thiscall complex::operator*=(double)" (??Xcomplex@@QAEAAV0@N@Z) referenced in function _main
complex.obj : error LNK2019: unresolved external symbol "public: class complex & __thiscall complex::operator/=(double)" (??_0complex@@QAEAAV0@N@Z) referenced in function _main
complex.obj : error LNK2019: unresolved external symbol "public: double __thiscall complex::real(void)const " (?real@complex@@QBENXZ) referenced in function _main
complex.obj : error LNK2019: unresolved external symbol "public: double __thiscall complex::imag(void)const " (?imag@complex@@QBENXZ) referenced in function _main
complex.obj : error LNK2019: unresolved external symbol "public: double __thiscall complex::magnitude(void)const " (?magnitude@complex@@QBENXZ) referenced in function _main
complex.obj : error LNK2019: unresolved external symbol "bool __cdecl operator==(class complex const &,class complex const &)" (??8@YA_NABVcomplex@@0@Z) referenced in function _main
complex.obj : error LNK2019: unresolved external symbol "bool __cdecl operator!=(class complex const &,class complex &)" (??9@YA_NABVcomplex@@AAV0@@Z) referenced in function _main
complex.obj : error LNK2019: unresolved external symbol "class std::basic_istream<char,struct std::char_traits<char> > & __cdecl operator>>(class std::basic_istream<char,struct std::char_traits<char> > &,class complex &)" (??5@YAAAV?$basic_istream@DU?$char_traits@D@std@@@std@@AAV01@AAVcomplex@@@Z) referenced in function _main
complex.obj : error LNK2019: unresolved external symbol "class std::basic_ostream<char,struct std::char_traits<char> > & __cdecl operator<<(class std::basic_ostream<char,struct std::char_traits<char> > &,class complex const &)" (??6@YAAAV?$basic_ostream@DU?$char_traits@D@std@@@std@@AAV01@ABVcomplex@@@Z) referenced in function _main
complex.obj : error LNK2019: unresolved external symbol "class complex __cdecl operator+(class complex const &,class complex const &)" (??H@YA?AVcomplex@@ABV0@0@Z) referenced in function "class complex __cdecl f(class complex const &)" (?f@@YA?AVcomplex@@ABV1@@Z)
complex.obj : error LNK2019: unresolved external symbol "class complex __cdecl operator+(class complex const &,double)" (??H@YA?AVcomplex@@ABV0@N@Z) referenced in function _main
complex.obj : error LNK2019: unresolved external symbol "class complex __cdecl operator+(double,class complex const &)" (??H@YA?AVcomplex@@NABV0@@Z) referenced in function _main
complex.obj : error LNK2019: unresolved external symbol "class complex __cdecl operator-(class complex const &,class complex const &)" (??G@YA?AVcomplex@@ABV0@0@Z) referenced in function "class complex __cdecl f(class complex const &)" (?f@@YA?AVcomplex@@ABV1@@Z)
complex.obj : error LNK2019: unresolved external symbol "class complex __cdecl operator-(class complex const &,double)" (??G@YA?AVcomplex@@ABV0@N@Z) referenced in function "class complex __cdecl f(class complex const &)" (?f@@YA?AVcomplex@@ABV1@@Z)
complex.obj : error LNK2019: unresolved external symbol "class complex __cdecl operator-(double,class complex const &)" (??G@YA?AVcomplex@@NABV0@@Z) referenced in function _main
complex.obj : error LNK2019: unresolved external symbol "class complex __cdecl operator*(class complex const &,class complex const &)" (??D@YA?AVcomplex@@ABV0@0@Z) referenced in function "class complex __cdecl f(class complex const &)" (?f@@YA?AVcomplex@@ABV1@@Z)
complex.obj : error LNK2019: unresolved external symbol "class complex __cdecl operator*(class complex const &,double)" (??D@YA?AVcomplex@@ABV0@N@Z) referenced in function _main
complex.obj : error LNK2019: unresolved external symbol "class complex __cdecl operator*(double,class complex const &)" (??D@YA?AVcomplex@@NABV0@@Z) referenced in function "class complex __cdecl f(class complex const &)" (?f@@YA?AVcomplex@@ABV1@@Z)
complex.obj : error LNK2019: unresolved external symbol "class complex __cdecl operator/(class complex const &,class complex const &)" (??K@YA?AVcomplex@@ABV0@0@Z) referenced in function _main
complex.obj : error LNK2019: unresolved external symbol "class complex __cdecl operator/(class complex const &,double)" (??K@YA?AVcomplex@@ABV0@N@Z) referenced in function _main
complex.obj : error LNK2019: unresolved external symbol "class complex __cdecl operator/(double,class complex const &)" (??K@YA?AVcomplex@@NABV0@@Z) referenced in function _main
complex.obj : error LNK2019: unresolved external symbol "class complex __cdecl operator-(class complex const &)" (??G@YA?AVcomplex@@ABV0@@Z) referenced in function _main
complex.obj : error LNK2019: unresolved external symbol "double __cdecl real(class complex const &)" (?real@@YANABVcomplex@@@Z) referenced in function _main
complex.obj : error LNK2019: unresolved external symbol "double __cdecl imag(class complex const &)" (?imag@@YANABVcomplex@@@Z) referenced in function _main
complex.obj : error LNK2019: unresolved external symbol "double __cdecl arg(class complex const &)" (?arg@@YANABVcomplex@@@Z) referenced in function _main
complex.obj : error LNK2019: unresolved external symbol "double __cdecl norm(class complex const &)" (?norm@@YANABVcomplex@@@Z) referenced in function _main
complex.obj : error LNK2019: unresolved external symbol "class complex __cdecl conj(class complex const &)" (?conj@@YA?AVcomplex@@ABV1@@Z) referenced in function _main
complex.obj : error LNK2019: unresolved external symbol "class complex __cdecl polar(double,double)" (?polar@@YA?AVcomplex@@NN@Z) referenced in function _main
complex.obj : error LNK2019: unresolved external symbol "class complex __cdecl polar(double)" (?polar@@YA?AVcomplex@@N@Z) referenced in function _main
H:\CS318\Projects\Debug\P03318Ruiz.exe : fatal error LNK1120: 39 unresolved externals
